2012-11-16 21:54:14 Warning: Warning (512): <span style="color:Red;text-align:left"><b>SQL Error:</b> 1054: Unknown column 'Area.nome' in 'field list'</span> in [/usr/share/php/cake/libs/model/datasources/dbo_source.php, line 684]
2012-11-16 22:11:18 Warning: Warning (512): <span style="color:Red;text-align:left"><b>SQL Error:</b> 1054: Unknown column 'Status.nome' in 'field list'</span> in [/usr/share/php/cake/libs/model/datasources/dbo_source.php, line 684]
2012-11-16 22:36:45 Warning: Warning (2): explode() expects parameter 2 to be string, array given in [/usr/share/php/cake/libs/view/helper.php, line 415]
2012-11-16 22:36:45 Warning: Warning (2): array_values() expects parameter 1 to be array, boolean given in [/usr/share/php/cake/libs/view/helper.php, line 415]
2012-11-16 22:36:45 Warning: Warning (2): explode() expects parameter 2 to be string, array given in [/usr/share/php/cake/libs/view/view.php, line 633]
2012-11-16 22:36:45 Warning: Warning (2): array_shift() expects parameter 1 to be array, boolean given in [/usr/share/php/cake/libs/view/helper.php, line 616]
2012-11-16 22:36:45 Warning: Warning (2): array_map() [http://php.net/function.array-map]: Argument #2 should be an array in [/usr/share/php/cake/libs/view/helper.php, line 617]
2012-11-16 22:36:45 Warning: Warning (2): join() [http://php.net/function.join]: Invalid arguments passed in [/usr/share/php/cake/libs/view/helper.php, line 617]
2012-11-16 22:36:45 Warning: Warning (2): strpos() expects parameter 1 to be string, array given in [/usr/share/php/cake/libs/view/helpers/form.php, line 549]
2012-11-16 22:36:45 Warning: Warning (2): explode() expects parameter 2 to be string, array given in [/usr/share/php/cake/libs/view/helpers/form.php, line 550]
2012-11-16 22:36:45 Warning: Warning (2): array_pop() expects parameter 1 to be array, null given in [/usr/share/php/cake/libs/view/helpers/form.php, line 550]
2012-11-16 22:36:45 Warning: Warning (2): implode() [http://php.net/function.implode]: Invalid arguments passed in [/usr/share/php/cake/libs/view/helper.php, line 662]
2012-11-16 22:36:45 Warning: Warning (2): implode() [http://php.net/function.implode]: Invalid arguments passed in [/usr/share/php/cake/libs/view/helpers/form.php, line 444]
2012-11-16 23:23:42 Warning: Warning (2): explode() expects parameter 2 to be string, array given in [/usr/share/php/cake/libs/view/helper.php, line 415]
2012-11-16 23:23:42 Warning: Warning (2): array_values() expects parameter 1 to be array, boolean given in [/usr/share/php/cake/libs/view/helper.php, line 415]
2012-11-16 23:23:42 Warning: Warning (2): explode() expects parameter 2 to be string, array given in [/usr/share/php/cake/libs/view/view.php, line 633]
2012-11-16 23:23:42 Warning: Warning (2): array_shift() expects parameter 1 to be array, boolean given in [/usr/share/php/cake/libs/view/helper.php, line 616]
2012-11-16 23:23:42 Warning: Warning (2): array_map() [http://php.net/function.array-map]: Argument #2 should be an array in [/usr/share/php/cake/libs/view/helper.php, line 617]
2012-11-16 23:23:42 Warning: Warning (2): join() [http://php.net/function.join]: Invalid arguments passed in [/usr/share/php/cake/libs/view/helper.php, line 617]
2012-11-16 23:23:42 Warning: Warning (2): strpos() expects parameter 1 to be string, array given in [/usr/share/php/cake/libs/view/helpers/form.php, line 549]
2012-11-16 23:23:42 Warning: Warning (2): explode() expects parameter 2 to be string, array given in [/usr/share/php/cake/libs/view/helpers/form.php, line 550]
2012-11-16 23:23:42 Warning: Warning (2): array_pop() expects parameter 1 to be array, null given in [/usr/share/php/cake/libs/view/helpers/form.php, line 550]
2012-11-16 23:53:58 Warning: Warning (2): Invalid argument supplied for foreach() in [/var/www/cake/portfolio/views/projetos/add.ctp, line 22]
2012-11-16 23:54:19 Warning: Warning (2): Invalid argument supplied for foreach() in [/var/www/cake/portfolio/views/projetos/add.ctp, line 22]
2012-11-17 00:15:26 Warning: Warning (512): <span style="color:Red;text-align:left"><b>SQL Error:</b> 1064: You have an error in your SQL syntax; check the manual that corresponds to your MySQL server version for the right syntax to use near 'lastInsertId' at line 1</span> in [/usr/share/php/cake/libs/model/datasources/dbo_source.php, line 684]
2012-11-17 00:15:26 Warning: Warning (2): Invalid argument supplied for foreach() in [/var/www/cake/portfolio/controllers/projetos_controller.php, line 51]
2012-11-17 00:16:17 Warning: Warning (512): <span style="color:Red;text-align:left"><b>SQL Error:</b> 1064: You have an error in your SQL syntax; check the manual that corresponds to your MySQL server version for the right syntax to use near 'lastInsertId' at line 1</span> in [/usr/share/php/cake/libs/model/datasources/dbo_source.php, line 684]
2012-11-19 22:38:39 Warning: Warning (2): file_get_contents(/var/www/cake/portfolio/webroot/js/http://d3js.org/d3.v3.min.js.js) [http://php.net/function.file-get-contents]: failed to open stream: No such file or directory in [/usr/share/php/cake/libs/view/helpers/javascript.php, line 581]
2012-11-19 22:38:39 Warning: Warning (2): file_get_contents(/var/www/cake/portfolio/webroot/js/http://d3js.org/d3.v3.min.js.js) [http://php.net/function.file-get-contents]: failed to open stream: No such file or directory in [/usr/share/php/cake/libs/view/helpers/javascript.php, line 581]
